                                 Started job on |	May 09 20:15:46
                             Started mapping on |	May 09 20:16:41
                                    Finished on |	May 09 20:24:24
       Mapping speed, Million of reads per hour |	69.52

                          Number of input reads |	8941449
                      Average input read length |	259
                                    UNIQUE READS:
                   Uniquely mapped reads number |	7466600
                        Uniquely mapped reads % |	83.51%
                          Average mapped length |	257.71
                       Number of splices: Total |	3670898
            Number of splices: Annotated (sjdb) |	3622496
                       Number of splices: GT/AG |	3633341
                       Number of splices: GC/AG |	28707
                       Number of splices: AT/AC |	3070
               Number of splices: Non-canonical |	5780
                      Mismatch rate per base, % |	0.21%
                         Deletion rate per base |	0.01%
                        Deletion average length |	1.80
                        Insertion rate per base |	0.01%
                       Insertion average length |	2.26
                             MULTI-MAPPING READS:
        Number of reads mapped to multiple loci |	841741
             % of reads mapped to multiple loci |	9.41%
        Number of reads mapped to too many loci |	23018
             % of reads mapped to too many loci |	0.26%
                                  UNMAPPED READS:
  Number of reads unmapped: too many mismatches |	0
       % of reads unmapped: too many mismatches |	0.00%
            Number of reads unmapped: too short |	580523
                 % of reads unmapped: too short |	6.49%
                Number of reads unmapped: other |	29567
                     % of reads unmapped: other |	0.33%
                                  CHIMERIC READS:
                       Number of chimeric reads |	0
                            % of chimeric reads |	0.00%
