                                 Started job on |	May 09 21:00:16
                             Started mapping on |	May 09 21:01:14
                                    Finished on |	May 09 21:04:44
       Mapping speed, Million of reads per hour |	70.62

                          Number of input reads |	4119276
                      Average input read length |	256
                                    UNIQUE READS:
                   Uniquely mapped reads number |	3484579
                        Uniquely mapped reads % |	84.59%
                          Average mapped length |	254.69
                       Number of splices: Total |	1391347
            Number of splices: Annotated (sjdb) |	1369701
                       Number of splices: GT/AG |	1376887
                       Number of splices: GC/AG |	10673
                       Number of splices: AT/AC |	1140
               Number of splices: Non-canonical |	2647
                      Mismatch rate per base, % |	0.21%
                         Deletion rate per base |	0.01%
                        Deletion average length |	1.82
                        Insertion rate per base |	0.01%
                       Insertion average length |	1.74
                             MULTI-MAPPING READS:
        Number of reads mapped to multiple loci |	307645
             % of reads mapped to multiple loci |	7.47%
        Number of reads mapped to too many loci |	12934
             % of reads mapped to too many loci |	0.31%
                                  UNMAPPED READS:
  Number of reads unmapped: too many mismatches |	0
       % of reads unmapped: too many mismatches |	0.00%
            Number of reads unmapped: too short |	298550
                 % of reads unmapped: too short |	7.25%
                Number of reads unmapped: other |	15568
                     % of reads unmapped: other |	0.38%
                                  CHIMERIC READS:
                       Number of chimeric reads |	0
                            % of chimeric reads |	0.00%
