                                 Started job on |	May 09 17:59:19
                             Started mapping on |	May 09 17:59:41
                                    Finished on |	May 09 18:05:08
       Mapping speed, Million of reads per hour |	70.62

                          Number of input reads |	6414797
                      Average input read length |	266
                                    UNIQUE READS:
                   Uniquely mapped reads number |	5499475
                        Uniquely mapped reads % |	85.73%
                          Average mapped length |	265.49
                       Number of splices: Total |	2348188
            Number of splices: Annotated (sjdb) |	2313745
                       Number of splices: GT/AG |	2323349
                       Number of splices: GC/AG |	18378
                       Number of splices: AT/AC |	2017
               Number of splices: Non-canonical |	4444
                      Mismatch rate per base, % |	0.29%
                         Deletion rate per base |	0.01%
                        Deletion average length |	1.86
                        Insertion rate per base |	0.03%
                       Insertion average length |	2.92
                             MULTI-MAPPING READS:
        Number of reads mapped to multiple loci |	541698
             % of reads mapped to multiple loci |	8.44%
        Number of reads mapped to too many loci |	19805
             % of reads mapped to too many loci |	0.31%
                                  UNMAPPED READS:
  Number of reads unmapped: too many mismatches |	0
       % of reads unmapped: too many mismatches |	0.00%
            Number of reads unmapped: too short |	334836
                 % of reads unmapped: too short |	5.22%
                Number of reads unmapped: other |	18983
                     % of reads unmapped: other |	0.30%
                                  CHIMERIC READS:
                       Number of chimeric reads |	0
                            % of chimeric reads |	0.00%
