                                 Started job on |	May 09 19:42:37
                             Started mapping on |	May 09 19:43:17
                                    Finished on |	May 09 19:55:15
       Mapping speed, Million of reads per hour |	23.51

                          Number of input reads |	4689395
                      Average input read length |	270
                                    UNIQUE READS:
                   Uniquely mapped reads number |	4080670
                        Uniquely mapped reads % |	87.02%
                          Average mapped length |	269.73
                       Number of splices: Total |	1573233
            Number of splices: Annotated (sjdb) |	1550304
                       Number of splices: GT/AG |	1557578
                       Number of splices: GC/AG |	11521
                       Number of splices: AT/AC |	1224
               Number of splices: Non-canonical |	2910
                      Mismatch rate per base, % |	0.33%
                         Deletion rate per base |	0.01%
                        Deletion average length |	2.02
                        Insertion rate per base |	0.03%
                       Insertion average length |	2.92
                             MULTI-MAPPING READS:
        Number of reads mapped to multiple loci |	420607
             % of reads mapped to multiple loci |	8.97%
        Number of reads mapped to too many loci |	8726
             % of reads mapped to too many loci |	0.19%
                                  UNMAPPED READS:
  Number of reads unmapped: too many mismatches |	0
       % of reads unmapped: too many mismatches |	0.00%
            Number of reads unmapped: too short |	166383
                 % of reads unmapped: too short |	3.55%
                Number of reads unmapped: other |	13009
                     % of reads unmapped: other |	0.28%
                                  CHIMERIC READS:
                       Number of chimeric reads |	0
                            % of chimeric reads |	0.00%
