                                 Started job on |	May 09 18:08:09
                             Started mapping on |	May 09 18:08:42
                                    Finished on |	May 09 18:15:07
       Mapping speed, Million of reads per hour |	61.30

                          Number of input reads |	6555455
                      Average input read length |	241
                                    UNIQUE READS:
                   Uniquely mapped reads number |	4084926
                        Uniquely mapped reads % |	62.31%
                          Average mapped length |	235.49
                       Number of splices: Total |	19948
            Number of splices: Annotated (sjdb) |	10034
                       Number of splices: GT/AG |	11094
                       Number of splices: GC/AG |	378
                       Number of splices: AT/AC |	30
               Number of splices: Non-canonical |	8446
                      Mismatch rate per base, % |	1.30%
                         Deletion rate per base |	0.04%
                        Deletion average length |	4.74
                        Insertion rate per base |	0.11%
                       Insertion average length |	3.45
                             MULTI-MAPPING READS:
        Number of reads mapped to multiple loci |	842570
             % of reads mapped to multiple loci |	12.85%
        Number of reads mapped to too many loci |	1210
             % of reads mapped to too many loci |	0.02%
                                  UNMAPPED READS:
  Number of reads unmapped: too many mismatches |	0
       % of reads unmapped: too many mismatches |	0.00%
            Number of reads unmapped: too short |	1626065
                 % of reads unmapped: too short |	24.80%
                Number of reads unmapped: other |	684
                     % of reads unmapped: other |	0.01%
                                  CHIMERIC READS:
                       Number of chimeric reads |	0
                            % of chimeric reads |	0.00%
