                                 Started job on |	May 09 15:41:57
                             Started mapping on |	May 09 15:42:42
                                    Finished on |	May 09 15:45:56
       Mapping speed, Million of reads per hour |	71.41

                          Number of input reads |	3847965
                      Average input read length |	262
                                    UNIQUE READS:
                   Uniquely mapped reads number |	3115602
                        Uniquely mapped reads % |	80.97%
                          Average mapped length |	259.87
                       Number of splices: Total |	1441441
            Number of splices: Annotated (sjdb) |	1419364
                       Number of splices: GT/AG |	1426901
                       Number of splices: GC/AG |	10822
                       Number of splices: AT/AC |	1142
               Number of splices: Non-canonical |	2576
                      Mismatch rate per base, % |	0.21%
                         Deletion rate per base |	0.01%
                        Deletion average length |	1.67
                        Insertion rate per base |	0.01%
                       Insertion average length |	1.44
                             MULTI-MAPPING READS:
        Number of reads mapped to multiple loci |	374885
             % of reads mapped to multiple loci |	9.74%
        Number of reads mapped to too many loci |	9745
             % of reads mapped to too many loci |	0.25%
                                  UNMAPPED READS:
  Number of reads unmapped: too many mismatches |	0
       % of reads unmapped: too many mismatches |	0.00%
            Number of reads unmapped: too short |	335572
                 % of reads unmapped: too short |	8.72%
                Number of reads unmapped: other |	12161
                     % of reads unmapped: other |	0.32%
                                  CHIMERIC READS:
                       Number of chimeric reads |	0
                            % of chimeric reads |	0.00%
