                                 Started job on |	May 09 18:19:46
                             Started mapping on |	May 09 18:20:23
                                    Finished on |	May 09 18:30:14
       Mapping speed, Million of reads per hour |	45.74

                          Number of input reads |	7509393
                      Average input read length |	256
                                    UNIQUE READS:
                   Uniquely mapped reads number |	6461859
                        Uniquely mapped reads % |	86.05%
                          Average mapped length |	255.65
                       Number of splices: Total |	2616140
            Number of splices: Annotated (sjdb) |	2577067
                       Number of splices: GT/AG |	2589856
                       Number of splices: GC/AG |	19591
                       Number of splices: AT/AC |	2020
               Number of splices: Non-canonical |	4673
                      Mismatch rate per base, % |	0.18%
                         Deletion rate per base |	0.01%
                        Deletion average length |	1.74
                        Insertion rate per base |	0.01%
                       Insertion average length |	1.47
                             MULTI-MAPPING READS:
        Number of reads mapped to multiple loci |	588457
             % of reads mapped to multiple loci |	7.84%
        Number of reads mapped to too many loci |	22083
             % of reads mapped to too many loci |	0.29%
                                  UNMAPPED READS:
  Number of reads unmapped: too many mismatches |	0
       % of reads unmapped: too many mismatches |	0.00%
            Number of reads unmapped: too short |	407813
                 % of reads unmapped: too short |	5.43%
                Number of reads unmapped: other |	29181
                     % of reads unmapped: other |	0.39%
                                  CHIMERIC READS:
                       Number of chimeric reads |	0
                            % of chimeric reads |	0.00%
