                                 Started job on |	May 09 16:47:52
                             Started mapping on |	May 09 16:48:13
                                    Finished on |	May 09 16:50:53
       Mapping speed, Million of reads per hour |	65.49

                          Number of input reads |	2910465
                      Average input read length |	267
                                    UNIQUE READS:
                   Uniquely mapped reads number |	2430052
                        Uniquely mapped reads % |	83.49%
                          Average mapped length |	266.20
                       Number of splices: Total |	1251351
            Number of splices: Annotated (sjdb) |	1233687
                       Number of splices: GT/AG |	1238960
                       Number of splices: GC/AG |	9690
                       Number of splices: AT/AC |	933
               Number of splices: Non-canonical |	1768
                      Mismatch rate per base, % |	0.20%
                         Deletion rate per base |	0.01%
                        Deletion average length |	1.73
                        Insertion rate per base |	0.01%
                       Insertion average length |	1.40
                             MULTI-MAPPING READS:
        Number of reads mapped to multiple loci |	306903
             % of reads mapped to multiple loci |	10.54%
        Number of reads mapped to too many loci |	9738
             % of reads mapped to too many loci |	0.33%
                                  UNMAPPED READS:
  Number of reads unmapped: too many mismatches |	0
       % of reads unmapped: too many mismatches |	0.00%
            Number of reads unmapped: too short |	154431
                 % of reads unmapped: too short |	5.31%
                Number of reads unmapped: other |	9341
                     % of reads unmapped: other |	0.32%
                                  CHIMERIC READS:
                       Number of chimeric reads |	0
                            % of chimeric reads |	0.00%
