                                 Started job on |	May 09 15:45:57
                             Started mapping on |	May 09 15:46:15
                                    Finished on |	May 09 15:52:06
       Mapping speed, Million of reads per hour |	59.20

                          Number of input reads |	5772128
                      Average input read length |	260
                                    UNIQUE READS:
                   Uniquely mapped reads number |	4776034
                        Uniquely mapped reads % |	82.74%
                          Average mapped length |	258.16
                       Number of splices: Total |	2066960
            Number of splices: Annotated (sjdb) |	2033594
                       Number of splices: GT/AG |	2045773
                       Number of splices: GC/AG |	15604
                       Number of splices: AT/AC |	1663
               Number of splices: Non-canonical |	3920
                      Mismatch rate per base, % |	0.20%
                         Deletion rate per base |	0.01%
                        Deletion average length |	1.71
                        Insertion rate per base |	0.01%
                       Insertion average length |	1.45
                             MULTI-MAPPING READS:
        Number of reads mapped to multiple loci |	531089
             % of reads mapped to multiple loci |	9.20%
        Number of reads mapped to too many loci |	15032
             % of reads mapped to too many loci |	0.26%
                                  UNMAPPED READS:
  Number of reads unmapped: too many mismatches |	0
       % of reads unmapped: too many mismatches |	0.00%
            Number of reads unmapped: too short |	429455
                 % of reads unmapped: too short |	7.44%
                Number of reads unmapped: other |	20518
                     % of reads unmapped: other |	0.36%
                                  CHIMERIC READS:
                       Number of chimeric reads |	0
                            % of chimeric reads |	0.00%
