                                 Started job on |	May 09 19:55:18
                             Started mapping on |	May 09 19:55:59
                                    Finished on |	May 09 20:00:54
       Mapping speed, Million of reads per hour |	61.14

                          Number of input reads |	5010364
                      Average input read length |	257
                                    UNIQUE READS:
                   Uniquely mapped reads number |	3294601
                        Uniquely mapped reads % |	65.76%
                          Average mapped length |	249.19
                       Number of splices: Total |	118528
            Number of splices: Annotated (sjdb) |	111035
                       Number of splices: GT/AG |	112283
                       Number of splices: GC/AG |	1089
                       Number of splices: AT/AC |	103
               Number of splices: Non-canonical |	5053
                      Mismatch rate per base, % |	1.34%
                         Deletion rate per base |	0.03%
                        Deletion average length |	3.77
                        Insertion rate per base |	0.22%
                       Insertion average length |	5.02
                             MULTI-MAPPING READS:
        Number of reads mapped to multiple loci |	684146
             % of reads mapped to multiple loci |	13.65%
        Number of reads mapped to too many loci |	1351
             % of reads mapped to too many loci |	0.03%
                                  UNMAPPED READS:
  Number of reads unmapped: too many mismatches |	0
       % of reads unmapped: too many mismatches |	0.00%
            Number of reads unmapped: too short |	1028870
                 % of reads unmapped: too short |	20.53%
                Number of reads unmapped: other |	1396
                     % of reads unmapped: other |	0.03%
                                  CHIMERIC READS:
                       Number of chimeric reads |	0
                            % of chimeric reads |	0.00%
