                                 Started job on |	May 09 16:39:53
                             Started mapping on |	May 09 16:40:15
                                    Finished on |	May 09 16:47:50
       Mapping speed, Million of reads per hour |	69.61

                          Number of input reads |	8797870
                      Average input read length |	258
                                    UNIQUE READS:
                   Uniquely mapped reads number |	7507547
                        Uniquely mapped reads % |	85.33%
                          Average mapped length |	256.65
                       Number of splices: Total |	3697416
            Number of splices: Annotated (sjdb) |	3654114
                       Number of splices: GT/AG |	3658663
                       Number of splices: GC/AG |	29328
                       Number of splices: AT/AC |	2608
               Number of splices: Non-canonical |	6817
                      Mismatch rate per base, % |	0.23%
                         Deletion rate per base |	0.01%
                        Deletion average length |	1.71
                        Insertion rate per base |	0.01%
                       Insertion average length |	1.56
                             MULTI-MAPPING READS:
        Number of reads mapped to multiple loci |	807602
             % of reads mapped to multiple loci |	9.18%
        Number of reads mapped to too many loci |	29359
             % of reads mapped to too many loci |	0.33%
                                  UNMAPPED READS:
  Number of reads unmapped: too many mismatches |	0
       % of reads unmapped: too many mismatches |	0.00%
            Number of reads unmapped: too short |	421988
                 % of reads unmapped: too short |	4.80%
                Number of reads unmapped: other |	31374
                     % of reads unmapped: other |	0.36%
                                  CHIMERIC READS:
                       Number of chimeric reads |	0
                            % of chimeric reads |	0.00%
