                                 Started job on |	May 09 23:18:37
                             Started mapping on |	May 09 23:19:26
                                    Finished on |	May 09 23:26:06
       Mapping speed, Million of reads per hour |	55.50

                          Number of input reads |	6166764
                      Average input read length |	254
                                    UNIQUE READS:
                   Uniquely mapped reads number |	5193802
                        Uniquely mapped reads % |	84.22%
                          Average mapped length |	253.42
                       Number of splices: Total |	2348604
            Number of splices: Annotated (sjdb) |	2313340
                       Number of splices: GT/AG |	2325582
                       Number of splices: GC/AG |	16809
                       Number of splices: AT/AC |	1798
               Number of splices: Non-canonical |	4415
                      Mismatch rate per base, % |	0.20%
                         Deletion rate per base |	0.01%
                        Deletion average length |	1.74
                        Insertion rate per base |	0.01%
                       Insertion average length |	1.53
                             MULTI-MAPPING READS:
        Number of reads mapped to multiple loci |	594324
             % of reads mapped to multiple loci |	9.64%
        Number of reads mapped to too many loci |	16466
             % of reads mapped to too many loci |	0.27%
                                  UNMAPPED READS:
  Number of reads unmapped: too many mismatches |	0
       % of reads unmapped: too many mismatches |	0.00%
            Number of reads unmapped: too short |	339716
                 % of reads unmapped: too short |	5.51%
                Number of reads unmapped: other |	22456
                     % of reads unmapped: other |	0.36%
                                  CHIMERIC READS:
                       Number of chimeric reads |	0
                            % of chimeric reads |	0.00%
