                                 Started job on |	May 09 23:02:58
                             Started mapping on |	May 09 23:03:18
                                    Finished on |	May 09 23:12:16
       Mapping speed, Million of reads per hour |	68.68

                          Number of input reads |	10263579
                      Average input read length |	258
                                    UNIQUE READS:
                   Uniquely mapped reads number |	8704422
                        Uniquely mapped reads % |	84.81%
                          Average mapped length |	257.25
                       Number of splices: Total |	3779667
            Number of splices: Annotated (sjdb) |	3719846
                       Number of splices: GT/AG |	3740029
                       Number of splices: GC/AG |	28889
                       Number of splices: AT/AC |	3313
               Number of splices: Non-canonical |	7436
                      Mismatch rate per base, % |	0.20%
                         Deletion rate per base |	0.01%
                        Deletion average length |	1.69
                        Insertion rate per base |	0.01%
                       Insertion average length |	1.39
                             MULTI-MAPPING READS:
        Number of reads mapped to multiple loci |	1032765
             % of reads mapped to multiple loci |	10.06%
        Number of reads mapped to too many loci |	31105
             % of reads mapped to too many loci |	0.30%
                                  UNMAPPED READS:
  Number of reads unmapped: too many mismatches |	0
       % of reads unmapped: too many mismatches |	0.00%
            Number of reads unmapped: too short |	455893
                 % of reads unmapped: too short |	4.44%
                Number of reads unmapped: other |	39394
                     % of reads unmapped: other |	0.38%
                                  CHIMERIC READS:
                       Number of chimeric reads |	0
                            % of chimeric reads |	0.00%
