                                 Started job on |	May 09 15:52:08
                             Started mapping on |	May 09 15:52:26
                                    Finished on |	May 09 15:57:37
       Mapping speed, Million of reads per hour |	71.51

                          Number of input reads |	6177281
                      Average input read length |	260
                                    UNIQUE READS:
                   Uniquely mapped reads number |	5133564
                        Uniquely mapped reads % |	83.10%
                          Average mapped length |	258.57
                       Number of splices: Total |	3114811
            Number of splices: Annotated (sjdb) |	3078931
                       Number of splices: GT/AG |	3082109
                       Number of splices: GC/AG |	25946
                       Number of splices: AT/AC |	2624
               Number of splices: Non-canonical |	4132
                      Mismatch rate per base, % |	0.19%
                         Deletion rate per base |	0.01%
                        Deletion average length |	1.71
                        Insertion rate per base |	0.01%
                       Insertion average length |	1.43
                             MULTI-MAPPING READS:
        Number of reads mapped to multiple loci |	644196
             % of reads mapped to multiple loci |	10.43%
        Number of reads mapped to too many loci |	23716
             % of reads mapped to too many loci |	0.38%
                                  UNMAPPED READS:
  Number of reads unmapped: too many mismatches |	0
       % of reads unmapped: too many mismatches |	0.00%
            Number of reads unmapped: too short |	359121
                 % of reads unmapped: too short |	5.81%
                Number of reads unmapped: other |	16684
                     % of reads unmapped: other |	0.27%
                                  CHIMERIC READS:
                       Number of chimeric reads |	0
                            % of chimeric reads |	0.00%
