                                 Started job on |	May 09 18:30:15
                             Started mapping on |	May 09 18:30:39
                                    Finished on |	May 09 18:36:07
       Mapping speed, Million of reads per hour |	72.16

                          Number of input reads |	6574455
                      Average input read length |	258
                                    UNIQUE READS:
                   Uniquely mapped reads number |	5306215
                        Uniquely mapped reads % |	80.71%
                          Average mapped length |	256.42
                       Number of splices: Total |	2516659
            Number of splices: Annotated (sjdb) |	2478094
                       Number of splices: GT/AG |	2491124
                       Number of splices: GC/AG |	18729
                       Number of splices: AT/AC |	2146
               Number of splices: Non-canonical |	4660
                      Mismatch rate per base, % |	0.19%
                         Deletion rate per base |	0.01%
                        Deletion average length |	1.70
                        Insertion rate per base |	0.01%
                       Insertion average length |	1.53
                             MULTI-MAPPING READS:
        Number of reads mapped to multiple loci |	755440
             % of reads mapped to multiple loci |	11.49%
        Number of reads mapped to too many loci |	21137
             % of reads mapped to too many loci |	0.32%
                                  UNMAPPED READS:
  Number of reads unmapped: too many mismatches |	0
       % of reads unmapped: too many mismatches |	0.00%
            Number of reads unmapped: too short |	470360
                 % of reads unmapped: too short |	7.15%
                Number of reads unmapped: other |	21303
                     % of reads unmapped: other |	0.32%
                                  CHIMERIC READS:
                       Number of chimeric reads |	0
                            % of chimeric reads |	0.00%
