                                 Started job on |	May 09 17:48:42
                             Started mapping on |	May 09 17:49:08
                                    Finished on |	May 09 17:56:10
       Mapping speed, Million of reads per hour |	69.45

                          Number of input reads |	8140599
                      Average input read length |	258
                                    UNIQUE READS:
                   Uniquely mapped reads number |	6639303
                        Uniquely mapped reads % |	81.56%
                          Average mapped length |	256.83
                       Number of splices: Total |	3242859
            Number of splices: Annotated (sjdb) |	3194841
                       Number of splices: GT/AG |	3210640
                       Number of splices: GC/AG |	23725
                       Number of splices: AT/AC |	2557
               Number of splices: Non-canonical |	5937
                      Mismatch rate per base, % |	0.20%
                         Deletion rate per base |	0.01%
                        Deletion average length |	1.73
                        Insertion rate per base |	0.01%
                       Insertion average length |	1.48
                             MULTI-MAPPING READS:
        Number of reads mapped to multiple loci |	935196
             % of reads mapped to multiple loci |	11.49%
        Number of reads mapped to too many loci |	27072
             % of reads mapped to too many loci |	0.33%
                                  UNMAPPED READS:
  Number of reads unmapped: too many mismatches |	0
       % of reads unmapped: too many mismatches |	0.00%
            Number of reads unmapped: too short |	513007
                 % of reads unmapped: too short |	6.30%
                Number of reads unmapped: other |	26021
                     % of reads unmapped: other |	0.32%
                                  CHIMERIC READS:
                       Number of chimeric reads |	0
                            % of chimeric reads |	0.00%
