                                 Started job on |	May 09 20:24:26
                             Started mapping on |	May 09 20:24:53
                                    Finished on |	May 09 20:31:10
       Mapping speed, Million of reads per hour |	64.08

                          Number of input reads |	6711049
                      Average input read length |	257
                                    UNIQUE READS:
                   Uniquely mapped reads number |	5525468
                        Uniquely mapped reads % |	82.33%
                          Average mapped length |	256.03
                       Number of splices: Total |	2657815
            Number of splices: Annotated (sjdb) |	2617472
                       Number of splices: GT/AG |	2629874
                       Number of splices: GC/AG |	20936
                       Number of splices: AT/AC |	2241
               Number of splices: Non-canonical |	4764
                      Mismatch rate per base, % |	0.19%
                         Deletion rate per base |	0.01%
                        Deletion average length |	1.72
                        Insertion rate per base |	0.01%
                       Insertion average length |	1.60
                             MULTI-MAPPING READS:
        Number of reads mapped to multiple loci |	780878
             % of reads mapped to multiple loci |	11.64%
        Number of reads mapped to too many loci |	22020
             % of reads mapped to too many loci |	0.33%
                                  UNMAPPED READS:
  Number of reads unmapped: too many mismatches |	0
       % of reads unmapped: too many mismatches |	0.00%
            Number of reads unmapped: too short |	359716
                 % of reads unmapped: too short |	5.36%
                Number of reads unmapped: other |	22967
                     % of reads unmapped: other |	0.34%
                                  CHIMERIC READS:
                       Number of chimeric reads |	0
                            % of chimeric reads |	0.00%
