                                 Started job on |	May 10 00:53:53
                             Started mapping on |	May 10 00:54:26
                                    Finished on |	May 10 01:02:54
       Mapping speed, Million of reads per hour |	46.89

                          Number of input reads |	6617362
                      Average input read length |	259
                                    UNIQUE READS:
                   Uniquely mapped reads number |	5592660
                        Uniquely mapped reads % |	84.51%
                          Average mapped length |	258.90
                       Number of splices: Total |	2576804
            Number of splices: Annotated (sjdb) |	2535877
                       Number of splices: GT/AG |	2548795
                       Number of splices: GC/AG |	20096
                       Number of splices: AT/AC |	2223
               Number of splices: Non-canonical |	5690
                      Mismatch rate per base, % |	0.18%
                         Deletion rate per base |	0.01%
                        Deletion average length |	1.71
                        Insertion rate per base |	0.01%
                       Insertion average length |	1.51
                             MULTI-MAPPING READS:
        Number of reads mapped to multiple loci |	677741
             % of reads mapped to multiple loci |	10.24%
        Number of reads mapped to too many loci |	20590
             % of reads mapped to too many loci |	0.31%
                                  UNMAPPED READS:
  Number of reads unmapped: too many mismatches |	0
       % of reads unmapped: too many mismatches |	0.00%
            Number of reads unmapped: too short |	303741
                 % of reads unmapped: too short |	4.59%
                Number of reads unmapped: other |	22630
                     % of reads unmapped: other |	0.34%
                                  CHIMERIC READS:
                       Number of chimeric reads |	0
                            % of chimeric reads |	0.00%
