                                 Started job on |	May 09 17:04:56
                             Started mapping on |	May 09 17:05:32
                                    Finished on |	May 09 17:10:05
       Mapping speed, Million of reads per hour |	60.55

                          Number of input reads |	4591689
                      Average input read length |	255
                                    UNIQUE READS:
                   Uniquely mapped reads number |	2957830
                        Uniquely mapped reads % |	64.42%
                          Average mapped length |	248.38
                       Number of splices: Total |	102976
            Number of splices: Annotated (sjdb) |	94286
                       Number of splices: GT/AG |	95642
                       Number of splices: GC/AG |	911
                       Number of splices: AT/AC |	114
               Number of splices: Non-canonical |	6309
                      Mismatch rate per base, % |	1.26%
                         Deletion rate per base |	0.04%
                        Deletion average length |	4.08
                        Insertion rate per base |	0.17%
                       Insertion average length |	4.25
                             MULTI-MAPPING READS:
        Number of reads mapped to multiple loci |	551924
             % of reads mapped to multiple loci |	12.02%
        Number of reads mapped to too many loci |	1370
             % of reads mapped to too many loci |	0.03%
                                  UNMAPPED READS:
  Number of reads unmapped: too many mismatches |	0
       % of reads unmapped: too many mismatches |	0.00%
            Number of reads unmapped: too short |	1079440
                 % of reads unmapped: too short |	23.51%
                Number of reads unmapped: other |	1125
                     % of reads unmapped: other |	0.02%
                                  CHIMERIC READS:
                       Number of chimeric reads |	0
                            % of chimeric reads |	0.00%
