                                 Started job on |	May 09 18:41:27
                             Started mapping on |	May 09 18:42:17
                                    Finished on |	May 09 19:01:52
       Mapping speed, Million of reads per hour |	59.19

                          Number of input reads |	19317346
                      Average input read length |	263
                                    UNIQUE READS:
                   Uniquely mapped reads number |	13155617
                        Uniquely mapped reads % |	68.10%
                          Average mapped length |	255.65
                       Number of splices: Total |	2089102
            Number of splices: Annotated (sjdb) |	2044482
                       Number of splices: GT/AG |	2057373
                       Number of splices: GC/AG |	15367
                       Number of splices: AT/AC |	1814
               Number of splices: Non-canonical |	14548
                      Mismatch rate per base, % |	1.11%
                         Deletion rate per base |	0.03%
                        Deletion average length |	3.47
                        Insertion rate per base |	0.21%
                       Insertion average length |	5.31
                             MULTI-MAPPING READS:
        Number of reads mapped to multiple loci |	2444151
             % of reads mapped to multiple loci |	12.65%
        Number of reads mapped to too many loci |	17746
             % of reads mapped to too many loci |	0.09%
                                  UNMAPPED READS:
  Number of reads unmapped: too many mismatches |	0
       % of reads unmapped: too many mismatches |	0.00%
            Number of reads unmapped: too short |	3681706
                 % of reads unmapped: too short |	19.06%
                Number of reads unmapped: other |	18126
                     % of reads unmapped: other |	0.09%
                                  CHIMERIC READS:
                       Number of chimeric reads |	0
                            % of chimeric reads |	0.00%
