                                 Started job on |	May 09 19:01:56
                             Started mapping on |	May 09 19:02:47
                                    Finished on |	May 09 19:09:35
       Mapping speed, Million of reads per hour |	70.66

                          Number of input reads |	8007784
                      Average input read length |	260
                                    UNIQUE READS:
                   Uniquely mapped reads number |	6612999
                        Uniquely mapped reads % |	82.58%
                          Average mapped length |	258.11
                       Number of splices: Total |	1978037
            Number of splices: Annotated (sjdb) |	1945240
                       Number of splices: GT/AG |	1955906
                       Number of splices: GC/AG |	15058
                       Number of splices: AT/AC |	1576
               Number of splices: Non-canonical |	5497
                      Mismatch rate per base, % |	0.41%
                         Deletion rate per base |	0.02%
                        Deletion average length |	2.87
                        Insertion rate per base |	0.04%
                       Insertion average length |	2.97
                             MULTI-MAPPING READS:
        Number of reads mapped to multiple loci |	682229
             % of reads mapped to multiple loci |	8.52%
        Number of reads mapped to too many loci |	20169
             % of reads mapped to too many loci |	0.25%
                                  UNMAPPED READS:
  Number of reads unmapped: too many mismatches |	0
       % of reads unmapped: too many mismatches |	0.00%
            Number of reads unmapped: too short |	669010
                 % of reads unmapped: too short |	8.35%
                Number of reads unmapped: other |	23377
                     % of reads unmapped: other |	0.29%
                                  CHIMERIC READS:
                       Number of chimeric reads |	0
                            % of chimeric reads |	0.00%
