                                 Started job on |	May 10 01:22:48
                             Started mapping on |	May 10 01:23:13
                                    Finished on |	May 10 01:29:10
       Mapping speed, Million of reads per hour |	65.47

                          Number of input reads |	6492038
                      Average input read length |	269
                                    UNIQUE READS:
                   Uniquely mapped reads number |	5365711
                        Uniquely mapped reads % |	82.65%
                          Average mapped length |	266.91
                       Number of splices: Total |	1760296
            Number of splices: Annotated (sjdb) |	1733947
                       Number of splices: GT/AG |	1741102
                       Number of splices: GC/AG |	13552
                       Number of splices: AT/AC |	1339
               Number of splices: Non-canonical |	4303
                      Mismatch rate per base, % |	0.55%
                         Deletion rate per base |	0.01%
                        Deletion average length |	2.46
                        Insertion rate per base |	0.08%
                       Insertion average length |	4.69
                             MULTI-MAPPING READS:
        Number of reads mapped to multiple loci |	607363
             % of reads mapped to multiple loci |	9.36%
        Number of reads mapped to too many loci |	11341
             % of reads mapped to too many loci |	0.17%
                                  UNMAPPED READS:
  Number of reads unmapped: too many mismatches |	0
       % of reads unmapped: too many mismatches |	0.00%
            Number of reads unmapped: too short |	492622
                 % of reads unmapped: too short |	7.59%
                Number of reads unmapped: other |	15001
                     % of reads unmapped: other |	0.23%
                                  CHIMERIC READS:
                       Number of chimeric reads |	0
                            % of chimeric reads |	0.00%
