                                 Started job on |	May 09 18:15:11
                             Started mapping on |	May 09 18:15:43
                                    Finished on |	May 09 18:19:45
       Mapping speed, Million of reads per hour |	75.54

                          Number of input reads |	5077954
                      Average input read length |	261
                                    UNIQUE READS:
                   Uniquely mapped reads number |	4069589
                        Uniquely mapped reads % |	80.14%
                          Average mapped length |	260.03
                       Number of splices: Total |	1850343
            Number of splices: Annotated (sjdb) |	1819789
                       Number of splices: GT/AG |	1830391
                       Number of splices: GC/AG |	14198
                       Number of splices: AT/AC |	1661
               Number of splices: Non-canonical |	4093
                      Mismatch rate per base, % |	0.20%
                         Deletion rate per base |	0.01%
                        Deletion average length |	1.74
                        Insertion rate per base |	0.01%
                       Insertion average length |	1.83
                             MULTI-MAPPING READS:
        Number of reads mapped to multiple loci |	557564
             % of reads mapped to multiple loci |	10.98%
        Number of reads mapped to too many loci |	11200
             % of reads mapped to too many loci |	0.22%
                                  UNMAPPED READS:
  Number of reads unmapped: too many mismatches |	0
       % of reads unmapped: too many mismatches |	0.00%
            Number of reads unmapped: too short |	424163
                 % of reads unmapped: too short |	8.35%
                Number of reads unmapped: other |	15438
                     % of reads unmapped: other |	0.30%
                                  CHIMERIC READS:
                       Number of chimeric reads |	0
                            % of chimeric reads |	0.00%
