                                 Started job on |	May 10 00:22:29
                             Started mapping on |	May 10 00:23:46
                                    Finished on |	May 10 00:28:18
       Mapping speed, Million of reads per hour |	69.79

                          Number of input reads |	5273114
                      Average input read length |	260
                                    UNIQUE READS:
                   Uniquely mapped reads number |	4373531
                        Uniquely mapped reads % |	82.94%
                          Average mapped length |	257.81
                       Number of splices: Total |	1958280
            Number of splices: Annotated (sjdb) |	1928906
                       Number of splices: GT/AG |	1938289
                       Number of splices: GC/AG |	14830
                       Number of splices: AT/AC |	1654
               Number of splices: Non-canonical |	3507
                      Mismatch rate per base, % |	0.20%
                         Deletion rate per base |	0.01%
                        Deletion average length |	1.69
                        Insertion rate per base |	0.01%
                       Insertion average length |	1.65
                             MULTI-MAPPING READS:
        Number of reads mapped to multiple loci |	474556
             % of reads mapped to multiple loci |	9.00%
        Number of reads mapped to too many loci |	14906
             % of reads mapped to too many loci |	0.28%
                                  UNMAPPED READS:
  Number of reads unmapped: too many mismatches |	0
       % of reads unmapped: too many mismatches |	0.00%
            Number of reads unmapped: too short |	391243
                 % of reads unmapped: too short |	7.42%
                Number of reads unmapped: other |	18878
                     % of reads unmapped: other |	0.36%
                                  CHIMERIC READS:
                       Number of chimeric reads |	0
                            % of chimeric reads |	0.00%
