                                 Started job on |	May 09 23:32:00
                             Started mapping on |	May 09 23:32:33
                                    Finished on |	May 09 23:42:03
       Mapping speed, Million of reads per hour |	53.67

                          Number of input reads |	8497851
                      Average input read length |	260
                                    UNIQUE READS:
                   Uniquely mapped reads number |	7078165
                        Uniquely mapped reads % |	83.29%
                          Average mapped length |	259.15
                       Number of splices: Total |	2941787
            Number of splices: Annotated (sjdb) |	2897056
                       Number of splices: GT/AG |	2911242
                       Number of splices: GC/AG |	23258
                       Number of splices: AT/AC |	2364
               Number of splices: Non-canonical |	4923
                      Mismatch rate per base, % |	0.21%
                         Deletion rate per base |	0.01%
                        Deletion average length |	1.70
                        Insertion rate per base |	0.01%
                       Insertion average length |	1.55
                             MULTI-MAPPING READS:
        Number of reads mapped to multiple loci |	728891
             % of reads mapped to multiple loci |	8.58%
        Number of reads mapped to too many loci |	23644
             % of reads mapped to too many loci |	0.28%
                                  UNMAPPED READS:
  Number of reads unmapped: too many mismatches |	0
       % of reads unmapped: too many mismatches |	0.00%
            Number of reads unmapped: too short |	634763
                 % of reads unmapped: too short |	7.47%
                Number of reads unmapped: other |	32388
                     % of reads unmapped: other |	0.38%
                                  CHIMERIC READS:
                       Number of chimeric reads |	0
                            % of chimeric reads |	0.00%
