                                 Started job on |	May 10 00:17:00
                             Started mapping on |	May 10 00:17:34
                                    Finished on |	May 10 00:22:28
       Mapping speed, Million of reads per hour |	65.14

                          Number of input reads |	5319847
                      Average input read length |	261
                                    UNIQUE READS:
                   Uniquely mapped reads number |	4355684
                        Uniquely mapped reads % |	81.88%
                          Average mapped length |	258.73
                       Number of splices: Total |	1905019
            Number of splices: Annotated (sjdb) |	1877318
                       Number of splices: GT/AG |	1886562
                       Number of splices: GC/AG |	13863
                       Number of splices: AT/AC |	1505
               Number of splices: Non-canonical |	3089
                      Mismatch rate per base, % |	0.23%
                         Deletion rate per base |	0.01%
                        Deletion average length |	1.57
                        Insertion rate per base |	0.01%
                       Insertion average length |	1.50
                             MULTI-MAPPING READS:
        Number of reads mapped to multiple loci |	466745
             % of reads mapped to multiple loci |	8.77%
        Number of reads mapped to too many loci |	14367
             % of reads mapped to too many loci |	0.27%
                                  UNMAPPED READS:
  Number of reads unmapped: too many mismatches |	0
       % of reads unmapped: too many mismatches |	0.00%
            Number of reads unmapped: too short |	465007
                 % of reads unmapped: too short |	8.74%
                Number of reads unmapped: other |	18044
                     % of reads unmapped: other |	0.34%
                                  CHIMERIC READS:
                       Number of chimeric reads |	0
                            % of chimeric reads |	0.00%
