                                 Started job on |	May 09 20:31:12
                             Started mapping on |	May 09 20:32:07
                                    Finished on |	May 09 20:34:50
       Mapping speed, Million of reads per hour |	69.72

                          Number of input reads |	3156558
                      Average input read length |	266
                                    UNIQUE READS:
                   Uniquely mapped reads number |	2653476
                        Uniquely mapped reads % |	84.06%
                          Average mapped length |	265.21
                       Number of splices: Total |	1461213
            Number of splices: Annotated (sjdb) |	1444151
                       Number of splices: GT/AG |	1445606
                       Number of splices: GC/AG |	12224
                       Number of splices: AT/AC |	1332
               Number of splices: Non-canonical |	2051
                      Mismatch rate per base, % |	0.22%
                         Deletion rate per base |	0.01%
                        Deletion average length |	2.02
                        Insertion rate per base |	0.01%
                       Insertion average length |	2.38
                             MULTI-MAPPING READS:
        Number of reads mapped to multiple loci |	247259
             % of reads mapped to multiple loci |	7.83%
        Number of reads mapped to too many loci |	9053
             % of reads mapped to too many loci |	0.29%
                                  UNMAPPED READS:
  Number of reads unmapped: too many mismatches |	0
       % of reads unmapped: too many mismatches |	0.00%
            Number of reads unmapped: too short |	237459
                 % of reads unmapped: too short |	7.52%
                Number of reads unmapped: other |	9311
                     % of reads unmapped: other |	0.29%
                                  CHIMERIC READS:
                       Number of chimeric reads |	0
                            % of chimeric reads |	0.00%
