                                 Started job on |	May 09 19:39:26
                             Started mapping on |	May 09 19:40:05
                                    Finished on |	May 09 19:42:33
       Mapping speed, Million of reads per hour |	71.87

                          Number of input reads |	2954757
                      Average input read length |	268
                                    UNIQUE READS:
                   Uniquely mapped reads number |	2515879
                        Uniquely mapped reads % |	85.15%
                          Average mapped length |	266.84
                       Number of splices: Total |	1145215
            Number of splices: Annotated (sjdb) |	1127985
                       Number of splices: GT/AG |	1134050
                       Number of splices: GC/AG |	8312
                       Number of splices: AT/AC |	1039
               Number of splices: Non-canonical |	1814
                      Mismatch rate per base, % |	0.21%
                         Deletion rate per base |	0.01%
                        Deletion average length |	1.84
                        Insertion rate per base |	0.01%
                       Insertion average length |	2.05
                             MULTI-MAPPING READS:
        Number of reads mapped to multiple loci |	246536
             % of reads mapped to multiple loci |	8.34%
        Number of reads mapped to too many loci |	7544
             % of reads mapped to too many loci |	0.26%
                                  UNMAPPED READS:
  Number of reads unmapped: too many mismatches |	0
       % of reads unmapped: too many mismatches |	0.00%
            Number of reads unmapped: too short |	175251
                 % of reads unmapped: too short |	5.93%
                Number of reads unmapped: other |	9547
                     % of reads unmapped: other |	0.32%
                                  CHIMERIC READS:
                       Number of chimeric reads |	0
                            % of chimeric reads |	0.00%
