                                 Started job on |	May 09 22:49:41
                             Started mapping on |	May 09 22:50:01
                                    Finished on |	May 09 22:53:48
       Mapping speed, Million of reads per hour |	75.02

                          Number of input reads |	4730235
                      Average input read length |	261
                                    UNIQUE READS:
                   Uniquely mapped reads number |	3974943
                        Uniquely mapped reads % |	84.03%
                          Average mapped length |	259.00
                       Number of splices: Total |	1895813
            Number of splices: Annotated (sjdb) |	1873796
                       Number of splices: GT/AG |	1876646
                       Number of splices: GC/AG |	14843
                       Number of splices: AT/AC |	1351
               Number of splices: Non-canonical |	2973
                      Mismatch rate per base, % |	0.21%
                         Deletion rate per base |	0.01%
                        Deletion average length |	1.64
                        Insertion rate per base |	0.01%
                       Insertion average length |	1.43
                             MULTI-MAPPING READS:
        Number of reads mapped to multiple loci |	365393
             % of reads mapped to multiple loci |	7.72%
        Number of reads mapped to too many loci |	13403
             % of reads mapped to too many loci |	0.28%
                                  UNMAPPED READS:
  Number of reads unmapped: too many mismatches |	0
       % of reads unmapped: too many mismatches |	0.00%
            Number of reads unmapped: too short |	360174
                 % of reads unmapped: too short |	7.61%
                Number of reads unmapped: other |	16322
                     % of reads unmapped: other |	0.35%
                                  CHIMERIC READS:
                       Number of chimeric reads |	0
                            % of chimeric reads |	0.00%
