                                 Started job on |	May 10 00:01:56
                             Started mapping on |	May 10 00:03:00
                                    Finished on |	May 10 00:10:13
       Mapping speed, Million of reads per hour |	65.58

                          Number of input reads |	7887683
                      Average input read length |	256
                                    UNIQUE READS:
                   Uniquely mapped reads number |	6504836
                        Uniquely mapped reads % |	82.47%
                          Average mapped length |	254.29
                       Number of splices: Total |	2862737
            Number of splices: Annotated (sjdb) |	2817766
                       Number of splices: GT/AG |	2833594
                       Number of splices: GC/AG |	21956
                       Number of splices: AT/AC |	2375
               Number of splices: Non-canonical |	4812
                      Mismatch rate per base, % |	0.20%
                         Deletion rate per base |	0.01%
                        Deletion average length |	1.71
                        Insertion rate per base |	0.01%
                       Insertion average length |	1.43
                             MULTI-MAPPING READS:
        Number of reads mapped to multiple loci |	760306
             % of reads mapped to multiple loci |	9.64%
        Number of reads mapped to too many loci |	22563
             % of reads mapped to too many loci |	0.29%
                                  UNMAPPED READS:
  Number of reads unmapped: too many mismatches |	0
       % of reads unmapped: too many mismatches |	0.00%
            Number of reads unmapped: too short |	572295
                 % of reads unmapped: too short |	7.26%
                Number of reads unmapped: other |	27683
                     % of reads unmapped: other |	0.35%
                                  CHIMERIC READS:
                       Number of chimeric reads |	0
                            % of chimeric reads |	0.00%
