                                 Started job on |	May 09 16:10:20
                             Started mapping on |	May 09 16:11:03
                                    Finished on |	May 09 16:15:36
       Mapping speed, Million of reads per hour |	63.66

                          Number of input reads |	4827902
                      Average input read length |	268
                                    UNIQUE READS:
                   Uniquely mapped reads number |	3610658
                        Uniquely mapped reads % |	74.79%
                          Average mapped length |	262.02
                       Number of splices: Total |	647666
            Number of splices: Annotated (sjdb) |	635189
                       Number of splices: GT/AG |	638171
                       Number of splices: GC/AG |	5214
                       Number of splices: AT/AC |	501
               Number of splices: Non-canonical |	3780
                      Mismatch rate per base, % |	0.94%
                         Deletion rate per base |	0.02%
                        Deletion average length |	3.27
                        Insertion rate per base |	0.16%
                       Insertion average length |	4.97
                             MULTI-MAPPING READS:
        Number of reads mapped to multiple loci |	535346
             % of reads mapped to multiple loci |	11.09%
        Number of reads mapped to too many loci |	4616
             % of reads mapped to too many loci |	0.10%
                                  UNMAPPED READS:
  Number of reads unmapped: too many mismatches |	0
       % of reads unmapped: too many mismatches |	0.00%
            Number of reads unmapped: too short |	671188
                 % of reads unmapped: too short |	13.90%
                Number of reads unmapped: other |	6094
                     % of reads unmapped: other |	0.13%
                                  CHIMERIC READS:
                       Number of chimeric reads |	0
                            % of chimeric reads |	0.00%
