                                 Started job on |	May 09 16:15:38
                             Started mapping on |	May 09 16:15:53
                                    Finished on |	May 09 16:22:14
       Mapping speed, Million of reads per hour |	58.51

                          Number of input reads |	6191785
                      Average input read length |	254
                                    UNIQUE READS:
                   Uniquely mapped reads number |	4076722
                        Uniquely mapped reads % |	65.84%
                          Average mapped length |	247.09
                       Number of splices: Total |	85421
            Number of splices: Annotated (sjdb) |	74983
                       Number of splices: GT/AG |	76067
                       Number of splices: GC/AG |	1035
                       Number of splices: AT/AC |	90
               Number of splices: Non-canonical |	8229
                      Mismatch rate per base, % |	1.27%
                         Deletion rate per base |	0.04%
                        Deletion average length |	4.37
                        Insertion rate per base |	0.19%
                       Insertion average length |	4.53
                             MULTI-MAPPING READS:
        Number of reads mapped to multiple loci |	835992
             % of reads mapped to multiple loci |	13.50%
        Number of reads mapped to too many loci |	1203
             % of reads mapped to too many loci |	0.02%
                                  UNMAPPED READS:
  Number of reads unmapped: too many mismatches |	0
       % of reads unmapped: too many mismatches |	0.00%
            Number of reads unmapped: too short |	1276893
                 % of reads unmapped: too short |	20.62%
                Number of reads unmapped: other |	975
                     % of reads unmapped: other |	0.02%
                                  CHIMERIC READS:
                       Number of chimeric reads |	0
                            % of chimeric reads |	0.00%
