                                 Started job on |	May 10 00:31:08
                             Started mapping on |	May 10 00:31:57
                                    Finished on |	May 10 00:39:20
       Mapping speed, Million of reads per hour |	69.18

                          Number of input reads |	8512871
                      Average input read length |	263
                                    UNIQUE READS:
                   Uniquely mapped reads number |	7265901
                        Uniquely mapped reads % |	85.35%
                          Average mapped length |	262.70
                       Number of splices: Total |	3331506
            Number of splices: Annotated (sjdb) |	3280066
                       Number of splices: GT/AG |	3300267
                       Number of splices: GC/AG |	24258
                       Number of splices: AT/AC |	2492
               Number of splices: Non-canonical |	4489
                      Mismatch rate per base, % |	0.22%
                         Deletion rate per base |	0.01%
                        Deletion average length |	1.90
                        Insertion rate per base |	0.01%
                       Insertion average length |	2.05
                             MULTI-MAPPING READS:
        Number of reads mapped to multiple loci |	759296
             % of reads mapped to multiple loci |	8.92%
        Number of reads mapped to too many loci |	26815
             % of reads mapped to too many loci |	0.31%
                                  UNMAPPED READS:
  Number of reads unmapped: too many mismatches |	0
       % of reads unmapped: too many mismatches |	0.00%
            Number of reads unmapped: too short |	434475
                 % of reads unmapped: too short |	5.10%
                Number of reads unmapped: other |	26384
                     % of reads unmapped: other |	0.31%
                                  CHIMERIC READS:
                       Number of chimeric reads |	0
                            % of chimeric reads |	0.00%
