                                 Started job on |	May 09 15:57:39
                             Started mapping on |	May 09 15:58:04
                                    Finished on |	May 09 16:00:19
       Mapping speed, Million of reads per hour |	63.25

                          Number of input reads |	2371765
                      Average input read length |	268
                                    UNIQUE READS:
                   Uniquely mapped reads number |	1931149
                        Uniquely mapped reads % |	81.42%
                          Average mapped length |	266.62
                       Number of splices: Total |	978428
            Number of splices: Annotated (sjdb) |	964313
                       Number of splices: GT/AG |	968412
                       Number of splices: GC/AG |	7447
                       Number of splices: AT/AC |	772
               Number of splices: Non-canonical |	1797
                      Mismatch rate per base, % |	0.23%
                         Deletion rate per base |	0.01%
                        Deletion average length |	2.00
                        Insertion rate per base |	0.01%
                       Insertion average length |	2.58
                             MULTI-MAPPING READS:
        Number of reads mapped to multiple loci |	264316
             % of reads mapped to multiple loci |	11.14%
        Number of reads mapped to too many loci |	6175
             % of reads mapped to too many loci |	0.26%
                                  UNMAPPED READS:
  Number of reads unmapped: too many mismatches |	0
       % of reads unmapped: too many mismatches |	0.00%
            Number of reads unmapped: too short |	163179
                 % of reads unmapped: too short |	6.88%
                Number of reads unmapped: other |	6946
                     % of reads unmapped: other |	0.29%
                                  CHIMERIC READS:
                       Number of chimeric reads |	0
                            % of chimeric reads |	0.00%
