                                 Started job on |	May 09 18:36:08
                             Started mapping on |	May 09 18:36:45
                                    Finished on |	May 09 18:41:25
       Mapping speed, Million of reads per hour |	32.13

                          Number of input reads |	2499007
                      Average input read length |	265
                                    UNIQUE READS:
                   Uniquely mapped reads number |	2038308
                        Uniquely mapped reads % |	81.56%
                          Average mapped length |	264.38
                       Number of splices: Total |	1014978
            Number of splices: Annotated (sjdb) |	999834
                       Number of splices: GT/AG |	1005210
                       Number of splices: GC/AG |	7650
                       Number of splices: AT/AC |	722
               Number of splices: Non-canonical |	1396
                      Mismatch rate per base, % |	0.19%
                         Deletion rate per base |	0.01%
                        Deletion average length |	1.82
                        Insertion rate per base |	0.01%
                       Insertion average length |	1.79
                             MULTI-MAPPING READS:
        Number of reads mapped to multiple loci |	262036
             % of reads mapped to multiple loci |	10.49%
        Number of reads mapped to too many loci |	7015
             % of reads mapped to too many loci |	0.28%
                                  UNMAPPED READS:
  Number of reads unmapped: too many mismatches |	0
       % of reads unmapped: too many mismatches |	0.00%
            Number of reads unmapped: too short |	182684
                 % of reads unmapped: too short |	7.31%
                Number of reads unmapped: other |	8964
                     % of reads unmapped: other |	0.36%
                                  CHIMERIC READS:
                       Number of chimeric reads |	0
                            % of chimeric reads |	0.00%
