                                 Started job on |	May 10 01:02:55
                             Started mapping on |	May 10 01:04:03
                                    Finished on |	May 10 01:11:17
       Mapping speed, Million of reads per hour |	76.34

                          Number of input reads |	9203212
                      Average input read length |	270
                                    UNIQUE READS:
                   Uniquely mapped reads number |	8109713
                        Uniquely mapped reads % |	88.12%
                          Average mapped length |	270.18
                       Number of splices: Total |	3334101
            Number of splices: Annotated (sjdb) |	3279909
                       Number of splices: GT/AG |	3300373
                       Number of splices: GC/AG |	24902
                       Number of splices: AT/AC |	2496
               Number of splices: Non-canonical |	6330
                      Mismatch rate per base, % |	0.24%
                         Deletion rate per base |	0.01%
                        Deletion average length |	1.92
                        Insertion rate per base |	0.01%
                       Insertion average length |	1.73
                             MULTI-MAPPING READS:
        Number of reads mapped to multiple loci |	810550
             % of reads mapped to multiple loci |	8.81%
        Number of reads mapped to too many loci |	22621
             % of reads mapped to too many loci |	0.25%
                                  UNMAPPED READS:
  Number of reads unmapped: too many mismatches |	0
       % of reads unmapped: too many mismatches |	0.00%
            Number of reads unmapped: too short |	229320
                 % of reads unmapped: too short |	2.49%
                Number of reads unmapped: other |	31008
                     % of reads unmapped: other |	0.34%
                                  CHIMERIC READS:
                       Number of chimeric reads |	0
                            % of chimeric reads |	0.00%
