                                 Started job on |	May 10 00:43:34
                             Started mapping on |	May 10 00:44:10
                                    Finished on |	May 10 00:46:47
       Mapping speed, Million of reads per hour |	71.18

                          Number of input reads |	3104432
                      Average input read length |	266
                                    UNIQUE READS:
                   Uniquely mapped reads number |	2593732
                        Uniquely mapped reads % |	83.55%
                          Average mapped length |	266.16
                       Number of splices: Total |	1165170
            Number of splices: Annotated (sjdb) |	1147924
                       Number of splices: GT/AG |	1153111
                       Number of splices: GC/AG |	8800
                       Number of splices: AT/AC |	966
               Number of splices: Non-canonical |	2293
                      Mismatch rate per base, % |	0.27%
                         Deletion rate per base |	0.01%
                        Deletion average length |	1.87
                        Insertion rate per base |	0.02%
                       Insertion average length |	2.46
                             MULTI-MAPPING READS:
        Number of reads mapped to multiple loci |	400725
             % of reads mapped to multiple loci |	12.91%
        Number of reads mapped to too many loci |	7626
             % of reads mapped to too many loci |	0.25%
                                  UNMAPPED READS:
  Number of reads unmapped: too many mismatches |	0
       % of reads unmapped: too many mismatches |	0.00%
            Number of reads unmapped: too short |	94162
                 % of reads unmapped: too short |	3.03%
                Number of reads unmapped: other |	8187
                     % of reads unmapped: other |	0.26%
                                  CHIMERIC READS:
                       Number of chimeric reads |	0
                            % of chimeric reads |	0.00%
