                                 Started job on |	May 09 16:55:31
                             Started mapping on |	May 09 16:56:07
                                    Finished on |	May 09 17:04:54
       Mapping speed, Million of reads per hour |	37.13

                          Number of input reads |	5435368
                      Average input read length |	267
                                    UNIQUE READS:
                   Uniquely mapped reads number |	4640071
                        Uniquely mapped reads % |	85.37%
                          Average mapped length |	266.28
                       Number of splices: Total |	1711495
            Number of splices: Annotated (sjdb) |	1686099
                       Number of splices: GT/AG |	1694287
                       Number of splices: GC/AG |	12501
                       Number of splices: AT/AC |	1263
               Number of splices: Non-canonical |	3444
                      Mismatch rate per base, % |	0.36%
                         Deletion rate per base |	0.02%
                        Deletion average length |	2.70
                        Insertion rate per base |	0.02%
                       Insertion average length |	2.21
                             MULTI-MAPPING READS:
        Number of reads mapped to multiple loci |	390347
             % of reads mapped to multiple loci |	7.18%
        Number of reads mapped to too many loci |	15858
             % of reads mapped to too many loci |	0.29%
                                  UNMAPPED READS:
  Number of reads unmapped: too many mismatches |	0
       % of reads unmapped: too many mismatches |	0.00%
            Number of reads unmapped: too short |	373396
                 % of reads unmapped: too short |	6.87%
                Number of reads unmapped: other |	15696
                     % of reads unmapped: other |	0.29%
                                  CHIMERIC READS:
                       Number of chimeric reads |	0
                            % of chimeric reads |	0.00%
