                                 Started job on |	May 09 23:50:26
                             Started mapping on |	May 09 23:51:02
                                    Finished on |	May 09 23:58:49
       Mapping speed, Million of reads per hour |	74.77

                          Number of input reads |	9699671
                      Average input read length |	256
                                    UNIQUE READS:
                   Uniquely mapped reads number |	8025890
                        Uniquely mapped reads % |	82.74%
                          Average mapped length |	255.21
                       Number of splices: Total |	4136465
            Number of splices: Annotated (sjdb) |	4082458
                       Number of splices: GT/AG |	4093316
                       Number of splices: GC/AG |	32772
                       Number of splices: AT/AC |	3584
               Number of splices: Non-canonical |	6793
                      Mismatch rate per base, % |	0.21%
                         Deletion rate per base |	0.01%
                        Deletion average length |	1.78
                        Insertion rate per base |	0.01%
                       Insertion average length |	1.67
                             MULTI-MAPPING READS:
        Number of reads mapped to multiple loci |	1016691
             % of reads mapped to multiple loci |	10.48%
        Number of reads mapped to too many loci |	30290
             % of reads mapped to too many loci |	0.31%
                                  UNMAPPED READS:
  Number of reads unmapped: too many mismatches |	0
       % of reads unmapped: too many mismatches |	0.00%
            Number of reads unmapped: too short |	595224
                 % of reads unmapped: too short |	6.14%
                Number of reads unmapped: other |	31576
                     % of reads unmapped: other |	0.33%
                                  CHIMERIC READS:
                       Number of chimeric reads |	0
                            % of chimeric reads |	0.00%
