                                 Started job on |	May 09 20:54:03
                             Started mapping on |	May 09 20:54:26
                                    Finished on |	May 09 21:00:14
       Mapping speed, Million of reads per hour |	70.90

                          Number of input reads |	6853404
                      Average input read length |	261
                                    UNIQUE READS:
                   Uniquely mapped reads number |	5696300
                        Uniquely mapped reads % |	83.12%
                          Average mapped length |	260.05
                       Number of splices: Total |	2751505
            Number of splices: Annotated (sjdb) |	2712686
                       Number of splices: GT/AG |	2723181
                       Number of splices: GC/AG |	21272
                       Number of splices: AT/AC |	2332
               Number of splices: Non-canonical |	4720
                      Mismatch rate per base, % |	0.20%
                         Deletion rate per base |	0.01%
                        Deletion average length |	1.66
                        Insertion rate per base |	0.01%
                       Insertion average length |	1.47
                             MULTI-MAPPING READS:
        Number of reads mapped to multiple loci |	666886
             % of reads mapped to multiple loci |	9.73%
        Number of reads mapped to too many loci |	18239
             % of reads mapped to too many loci |	0.27%
                                  UNMAPPED READS:
  Number of reads unmapped: too many mismatches |	0
       % of reads unmapped: too many mismatches |	0.00%
            Number of reads unmapped: too short |	451756
                 % of reads unmapped: too short |	6.59%
                Number of reads unmapped: other |	20223
                     % of reads unmapped: other |	0.30%
                                  CHIMERIC READS:
                       Number of chimeric reads |	0
                            % of chimeric reads |	0.00%
