                                 Started job on |	May 09 19:31:46
                             Started mapping on |	May 09 19:32:32
                                    Finished on |	May 09 19:39:23
       Mapping speed, Million of reads per hour |	50.13

                          Number of input reads |	5723261
                      Average input read length |	258
                                    UNIQUE READS:
                   Uniquely mapped reads number |	4638284
                        Uniquely mapped reads % |	81.04%
                          Average mapped length |	257.20
                       Number of splices: Total |	2269385
            Number of splices: Annotated (sjdb) |	2236447
                       Number of splices: GT/AG |	2245977
                       Number of splices: GC/AG |	17653
                       Number of splices: AT/AC |	1782
               Number of splices: Non-canonical |	3973
                      Mismatch rate per base, % |	0.20%
                         Deletion rate per base |	0.01%
                        Deletion average length |	1.72
                        Insertion rate per base |	0.01%
                       Insertion average length |	1.63
                             MULTI-MAPPING READS:
        Number of reads mapped to multiple loci |	680777
             % of reads mapped to multiple loci |	11.89%
        Number of reads mapped to too many loci |	18257
             % of reads mapped to too many loci |	0.32%
                                  UNMAPPED READS:
  Number of reads unmapped: too many mismatches |	0
       % of reads unmapped: too many mismatches |	0.00%
            Number of reads unmapped: too short |	367879
                 % of reads unmapped: too short |	6.43%
                Number of reads unmapped: other |	18064
                     % of reads unmapped: other |	0.32%
                                  CHIMERIC READS:
                       Number of chimeric reads |	0
                            % of chimeric reads |	0.00%
