                                 Started job on |	May 09 20:09:58
                             Started mapping on |	May 09 20:11:08
                                    Finished on |	May 09 20:15:44
       Mapping speed, Million of reads per hour |	71.81

                          Number of input reads |	5505090
                      Average input read length |	261
                                    UNIQUE READS:
                   Uniquely mapped reads number |	4486993
                        Uniquely mapped reads % |	81.51%
                          Average mapped length |	259.61
                       Number of splices: Total |	1953285
            Number of splices: Annotated (sjdb) |	1921648
                       Number of splices: GT/AG |	1932957
                       Number of splices: GC/AG |	14840
                       Number of splices: AT/AC |	1537
               Number of splices: Non-canonical |	3951
                      Mismatch rate per base, % |	0.20%
                         Deletion rate per base |	0.01%
                        Deletion average length |	1.73
                        Insertion rate per base |	0.01%
                       Insertion average length |	1.78
                             MULTI-MAPPING READS:
        Number of reads mapped to multiple loci |	578462
             % of reads mapped to multiple loci |	10.51%
        Number of reads mapped to too many loci |	11947
             % of reads mapped to too many loci |	0.22%
                                  UNMAPPED READS:
  Number of reads unmapped: too many mismatches |	0
       % of reads unmapped: too many mismatches |	0.00%
            Number of reads unmapped: too short |	409477
                 % of reads unmapped: too short |	7.44%
                Number of reads unmapped: other |	18211
                     % of reads unmapped: other |	0.33%
                                  CHIMERIC READS:
                       Number of chimeric reads |	0
                            % of chimeric reads |	0.00%
