                                 Started job on |	May 10 00:39:22
                             Started mapping on |	May 10 00:40:09
                                    Finished on |	May 10 00:43:33
       Mapping speed, Million of reads per hour |	70.14

                          Number of input reads |	3974808
                      Average input read length |	265
                                    UNIQUE READS:
                   Uniquely mapped reads number |	3375193
                        Uniquely mapped reads % |	84.91%
                          Average mapped length |	264.38
                       Number of splices: Total |	1745039
            Number of splices: Annotated (sjdb) |	1723467
                       Number of splices: GT/AG |	1726241
                       Number of splices: GC/AG |	14494
                       Number of splices: AT/AC |	1622
               Number of splices: Non-canonical |	2682
                      Mismatch rate per base, % |	0.23%
                         Deletion rate per base |	0.01%
                        Deletion average length |	1.97
                        Insertion rate per base |	0.01%
                       Insertion average length |	2.23
                             MULTI-MAPPING READS:
        Number of reads mapped to multiple loci |	317532
             % of reads mapped to multiple loci |	7.99%
        Number of reads mapped to too many loci |	10386
             % of reads mapped to too many loci |	0.26%
                                  UNMAPPED READS:
  Number of reads unmapped: too many mismatches |	0
       % of reads unmapped: too many mismatches |	0.00%
            Number of reads unmapped: too short |	259376
                 % of reads unmapped: too short |	6.53%
                Number of reads unmapped: other |	12321
                     % of reads unmapped: other |	0.31%
                                  CHIMERIC READS:
                       Number of chimeric reads |	0
                            % of chimeric reads |	0.00%
