                                 Started job on |	May 09 19:09:37
                             Started mapping on |	May 09 19:10:29
                                    Finished on |	May 09 19:15:31
       Mapping speed, Million of reads per hour |	63.92

                          Number of input reads |	5361776
                      Average input read length |	248
                                    UNIQUE READS:
                   Uniquely mapped reads number |	3539015
                        Uniquely mapped reads % |	66.00%
                          Average mapped length |	243.47
                       Number of splices: Total |	141074
            Number of splices: Annotated (sjdb) |	131989
                       Number of splices: GT/AG |	133582
                       Number of splices: GC/AG |	1186
                       Number of splices: AT/AC |	167
               Number of splices: Non-canonical |	6139
                      Mismatch rate per base, % |	1.28%
                         Deletion rate per base |	0.03%
                        Deletion average length |	3.95
                        Insertion rate per base |	0.19%
                       Insertion average length |	4.57
                             MULTI-MAPPING READS:
        Number of reads mapped to multiple loci |	763671
             % of reads mapped to multiple loci |	14.24%
        Number of reads mapped to too many loci |	2238
             % of reads mapped to too many loci |	0.04%
                                  UNMAPPED READS:
  Number of reads unmapped: too many mismatches |	0
       % of reads unmapped: too many mismatches |	0.00%
            Number of reads unmapped: too short |	1055173
                 % of reads unmapped: too short |	19.68%
                Number of reads unmapped: other |	1679
                     % of reads unmapped: other |	0.03%
                                  CHIMERIC READS:
                       Number of chimeric reads |	0
                            % of chimeric reads |	0.00%
