                                 Started job on |	May 10 00:28:20
                             Started mapping on |	May 10 00:29:28
                                    Finished on |	May 10 00:31:04
       Mapping speed, Million of reads per hour |	64.65

                          Number of input reads |	1723985
                      Average input read length |	269
                                    UNIQUE READS:
                   Uniquely mapped reads number |	1380687
                        Uniquely mapped reads % |	80.09%
                          Average mapped length |	267.59
                       Number of splices: Total |	616648
            Number of splices: Annotated (sjdb) |	607482
                       Number of splices: GT/AG |	610339
                       Number of splices: GC/AG |	4602
                       Number of splices: AT/AC |	501
               Number of splices: Non-canonical |	1206
                      Mismatch rate per base, % |	0.29%
                         Deletion rate per base |	0.01%
                        Deletion average length |	1.78
                        Insertion rate per base |	0.03%
                       Insertion average length |	3.09
                             MULTI-MAPPING READS:
        Number of reads mapped to multiple loci |	193151
             % of reads mapped to multiple loci |	11.20%
        Number of reads mapped to too many loci |	4135
             % of reads mapped to too many loci |	0.24%
                                  UNMAPPED READS:
  Number of reads unmapped: too many mismatches |	0
       % of reads unmapped: too many mismatches |	0.00%
            Number of reads unmapped: too short |	141122
                 % of reads unmapped: too short |	8.19%
                Number of reads unmapped: other |	4890
                     % of reads unmapped: other |	0.28%
                                  CHIMERIC READS:
                       Number of chimeric reads |	0
                            % of chimeric reads |	0.00%
