                                 Started job on |	May 09 23:12:18
                             Started mapping on |	May 09 23:12:56
                                    Finished on |	May 09 23:18:34
       Mapping speed, Million of reads per hour |	72.97

                          Number of input reads |	6850785
                      Average input read length |	267
                                    UNIQUE READS:
                   Uniquely mapped reads number |	5940725
                        Uniquely mapped reads % |	86.72%
                          Average mapped length |	266.46
                       Number of splices: Total |	2272299
            Number of splices: Annotated (sjdb) |	2237187
                       Number of splices: GT/AG |	2248566
                       Number of splices: GC/AG |	17016
                       Number of splices: AT/AC |	1902
               Number of splices: Non-canonical |	4815
                      Mismatch rate per base, % |	0.26%
                         Deletion rate per base |	0.01%
                        Deletion average length |	1.89
                        Insertion rate per base |	0.02%
                       Insertion average length |	2.15
                             MULTI-MAPPING READS:
        Number of reads mapped to multiple loci |	527948
             % of reads mapped to multiple loci |	7.71%
        Number of reads mapped to too many loci |	22290
             % of reads mapped to too many loci |	0.33%
                                  UNMAPPED READS:
  Number of reads unmapped: too many mismatches |	0
       % of reads unmapped: too many mismatches |	0.00%
            Number of reads unmapped: too short |	336069
                 % of reads unmapped: too short |	4.91%
                Number of reads unmapped: other |	23753
                     % of reads unmapped: other |	0.35%
                                  CHIMERIC READS:
                       Number of chimeric reads |	0
                            % of chimeric reads |	0.00%
