                                 Started job on |	May 09 23:58:51
                             Started mapping on |	May 09 23:59:20
                                    Finished on |	May 10 00:01:53
       Mapping speed, Million of reads per hour |	56.97

                          Number of input reads |	2421122
                      Average input read length |	269
                                    UNIQUE READS:
                   Uniquely mapped reads number |	2095797
                        Uniquely mapped reads % |	86.56%
                          Average mapped length |	268.57
                       Number of splices: Total |	1051036
            Number of splices: Annotated (sjdb) |	1035590
                       Number of splices: GT/AG |	1041310
                       Number of splices: GC/AG |	7457
                       Number of splices: AT/AC |	784
               Number of splices: Non-canonical |	1485
                      Mismatch rate per base, % |	0.21%
                         Deletion rate per base |	0.01%
                        Deletion average length |	1.90
                        Insertion rate per base |	0.01%
                       Insertion average length |	1.93
                             MULTI-MAPPING READS:
        Number of reads mapped to multiple loci |	203375
             % of reads mapped to multiple loci |	8.40%
        Number of reads mapped to too many loci |	6240
             % of reads mapped to too many loci |	0.26%
                                  UNMAPPED READS:
  Number of reads unmapped: too many mismatches |	0
       % of reads unmapped: too many mismatches |	0.00%
            Number of reads unmapped: too short |	107776
                 % of reads unmapped: too short |	4.45%
                Number of reads unmapped: other |	7934
                     % of reads unmapped: other |	0.33%
                                  CHIMERIC READS:
                       Number of chimeric reads |	0
                            % of chimeric reads |	0.00%
