                                 Started job on |	May 09 20:00:56
                             Started mapping on |	May 09 20:01:42
                                    Finished on |	May 09 20:09:56
       Mapping speed, Million of reads per hour |	59.57

                          Number of input reads |	8174863
                      Average input read length |	265
                                    UNIQUE READS:
                   Uniquely mapped reads number |	5901881
                        Uniquely mapped reads % |	72.20%
                          Average mapped length |	258.61
                       Number of splices: Total |	1102513
            Number of splices: Annotated (sjdb) |	1079440
                       Number of splices: GT/AG |	1086740
                       Number of splices: GC/AG |	8146
                       Number of splices: AT/AC |	890
               Number of splices: Non-canonical |	6737
                      Mismatch rate per base, % |	0.97%
                         Deletion rate per base |	0.02%
                        Deletion average length |	3.47
                        Insertion rate per base |	0.20%
                       Insertion average length |	5.52
                             MULTI-MAPPING READS:
        Number of reads mapped to multiple loci |	1029652
             % of reads mapped to multiple loci |	12.60%
        Number of reads mapped to too many loci |	7151
             % of reads mapped to too many loci |	0.09%
                                  UNMAPPED READS:
  Number of reads unmapped: too many mismatches |	0
       % of reads unmapped: too many mismatches |	0.00%
            Number of reads unmapped: too short |	1226693
                 % of reads unmapped: too short |	15.01%
                Number of reads unmapped: other |	9486
                     % of reads unmapped: other |	0.12%
                                  CHIMERIC READS:
                       Number of chimeric reads |	0
                            % of chimeric reads |	0.00%
