                                 Started job on |	May 09 22:10:07
                             Started mapping on |	May 09 22:10:49
                                    Finished on |	May 09 22:15:37
       Mapping speed, Million of reads per hour |	66.29

                          Number of input reads |	5303139
                      Average input read length |	259
                                    UNIQUE READS:
                   Uniquely mapped reads number |	4348276
                        Uniquely mapped reads % |	81.99%
                          Average mapped length |	258.18
                       Number of splices: Total |	2049672
            Number of splices: Annotated (sjdb) |	2018724
                       Number of splices: GT/AG |	2028756
                       Number of splices: GC/AG |	15319
                       Number of splices: AT/AC |	1704
               Number of splices: Non-canonical |	3893
                      Mismatch rate per base, % |	0.20%
                         Deletion rate per base |	0.01%
                        Deletion average length |	1.69
                        Insertion rate per base |	0.01%
                       Insertion average length |	1.65
                             MULTI-MAPPING READS:
        Number of reads mapped to multiple loci |	572557
             % of reads mapped to multiple loci |	10.80%
        Number of reads mapped to too many loci |	15397
             % of reads mapped to too many loci |	0.29%
                                  UNMAPPED READS:
  Number of reads unmapped: too many mismatches |	0
       % of reads unmapped: too many mismatches |	0.00%
            Number of reads unmapped: too short |	349111
                 % of reads unmapped: too short |	6.58%
                Number of reads unmapped: other |	17798
                     % of reads unmapped: other |	0.34%
                                  CHIMERIC READS:
                       Number of chimeric reads |	0
                            % of chimeric reads |	0.00%
