                                 Started job on |	May 09 20:49:13
                             Started mapping on |	May 09 20:49:57
                                    Finished on |	May 09 20:54:01
       Mapping speed, Million of reads per hour |	66.02

                          Number of input reads |	4474589
                      Average input read length |	252
                                    UNIQUE READS:
                   Uniquely mapped reads number |	3252221
                        Uniquely mapped reads % |	72.68%
                          Average mapped length |	249.97
                       Number of splices: Total |	608403
            Number of splices: Annotated (sjdb) |	595720
                       Number of splices: GT/AG |	599128
                       Number of splices: GC/AG |	4700
                       Number of splices: AT/AC |	487
               Number of splices: Non-canonical |	4088
                      Mismatch rate per base, % |	0.94%
                         Deletion rate per base |	0.02%
                        Deletion average length |	3.08
                        Insertion rate per base |	0.16%
                       Insertion average length |	4.87
                             MULTI-MAPPING READS:
        Number of reads mapped to multiple loci |	582154
             % of reads mapped to multiple loci |	13.01%
        Number of reads mapped to too many loci |	8066
             % of reads mapped to too many loci |	0.18%
                                  UNMAPPED READS:
  Number of reads unmapped: too many mismatches |	0
       % of reads unmapped: too many mismatches |	0.00%
            Number of reads unmapped: too short |	626284
                 % of reads unmapped: too short |	14.00%
                Number of reads unmapped: other |	5864
                     % of reads unmapped: other |	0.13%
                                  CHIMERIC READS:
                       Number of chimeric reads |	0
                            % of chimeric reads |	0.00%
