                                 Started job on |	May 09 16:22:16
                             Started mapping on |	May 09 16:22:57
                                    Finished on |	May 09 16:27:12
       Mapping speed, Million of reads per hour |	69.44

                          Number of input reads |	4918901
                      Average input read length |	262
                                    UNIQUE READS:
                   Uniquely mapped reads number |	4031430
                        Uniquely mapped reads % |	81.96%
                          Average mapped length |	260.32
                       Number of splices: Total |	1794305
            Number of splices: Annotated (sjdb) |	1765348
                       Number of splices: GT/AG |	1775972
                       Number of splices: GC/AG |	13434
                       Number of splices: AT/AC |	1472
               Number of splices: Non-canonical |	3427
                      Mismatch rate per base, % |	0.21%
                         Deletion rate per base |	0.01%
                        Deletion average length |	1.67
                        Insertion rate per base |	0.01%
                       Insertion average length |	1.42
                             MULTI-MAPPING READS:
        Number of reads mapped to multiple loci |	468648
             % of reads mapped to multiple loci |	9.53%
        Number of reads mapped to too many loci |	12005
             % of reads mapped to too many loci |	0.24%
                                  UNMAPPED READS:
  Number of reads unmapped: too many mismatches |	0
       % of reads unmapped: too many mismatches |	0.00%
            Number of reads unmapped: too short |	390369
                 % of reads unmapped: too short |	7.94%
                Number of reads unmapped: other |	16449
                     % of reads unmapped: other |	0.33%
                                  CHIMERIC READS:
                       Number of chimeric reads |	0
                            % of chimeric reads |	0.00%
