                                 Started job on |	May 09 20:34:50
                             Started mapping on |	May 09 20:35:33
                                    Finished on |	May 09 20:43:33
       Mapping speed, Million of reads per hour |	71.42

                          Number of input reads |	9522407
                      Average input read length |	261
                                    UNIQUE READS:
                   Uniquely mapped reads number |	7505206
                        Uniquely mapped reads % |	78.82%
                          Average mapped length |	259.45
                       Number of splices: Total |	2562925
            Number of splices: Annotated (sjdb) |	2520591
                       Number of splices: GT/AG |	2535029
                       Number of splices: GC/AG |	19502
                       Number of splices: AT/AC |	1974
               Number of splices: Non-canonical |	6420
                      Mismatch rate per base, % |	0.50%
                         Deletion rate per base |	0.01%
                        Deletion average length |	2.61
                        Insertion rate per base |	0.07%
                       Insertion average length |	4.74
                             MULTI-MAPPING READS:
        Number of reads mapped to multiple loci |	1083438
             % of reads mapped to multiple loci |	11.38%
        Number of reads mapped to too many loci |	17271
             % of reads mapped to too many loci |	0.18%
                                  UNMAPPED READS:
  Number of reads unmapped: too many mismatches |	0
       % of reads unmapped: too many mismatches |	0.00%
            Number of reads unmapped: too short |	893185
                 % of reads unmapped: too short |	9.38%
                Number of reads unmapped: other |	23307
                     % of reads unmapped: other |	0.24%
                                  CHIMERIC READS:
                       Number of chimeric reads |	0
                            % of chimeric reads |	0.00%
