                                 Started job on |	May 09 17:56:12
                             Started mapping on |	May 09 17:56:39
                                    Finished on |	May 09 17:59:18
       Mapping speed, Million of reads per hour |	72.34

                          Number of input reads |	3194833
                      Average input read length |	265
                                    UNIQUE READS:
                   Uniquely mapped reads number |	2669339
                        Uniquely mapped reads % |	83.55%
                          Average mapped length |	264.81
                       Number of splices: Total |	1295264
            Number of splices: Annotated (sjdb) |	1276987
                       Number of splices: GT/AG |	1283388
                       Number of splices: GC/AG |	9194
                       Number of splices: AT/AC |	988
               Number of splices: Non-canonical |	1694
                      Mismatch rate per base, % |	0.20%
                         Deletion rate per base |	0.01%
                        Deletion average length |	1.80
                        Insertion rate per base |	0.01%
                       Insertion average length |	1.57
                             MULTI-MAPPING READS:
        Number of reads mapped to multiple loci |	303496
             % of reads mapped to multiple loci |	9.50%
        Number of reads mapped to too many loci |	10020
             % of reads mapped to too many loci |	0.31%
                                  UNMAPPED READS:
  Number of reads unmapped: too many mismatches |	0
       % of reads unmapped: too many mismatches |	0.00%
            Number of reads unmapped: too short |	200677
                 % of reads unmapped: too short |	6.28%
                Number of reads unmapped: other |	11301
                     % of reads unmapped: other |	0.35%
                                  CHIMERIC READS:
                       Number of chimeric reads |	0
                            % of chimeric reads |	0.00%
