                                 Started job on |	May 09 23:26:07
                             Started mapping on |	May 09 23:26:52
                                    Finished on |	May 09 23:31:58
       Mapping speed, Million of reads per hour |	72.66

                          Number of input reads |	6175904
                      Average input read length |	271
                                    UNIQUE READS:
                   Uniquely mapped reads number |	5248697
                        Uniquely mapped reads % |	84.99%
                          Average mapped length |	270.93
                       Number of splices: Total |	2449828
            Number of splices: Annotated (sjdb) |	2414054
                       Number of splices: GT/AG |	2425759
                       Number of splices: GC/AG |	18327
                       Number of splices: AT/AC |	1875
               Number of splices: Non-canonical |	3867
                      Mismatch rate per base, % |	0.25%
                         Deletion rate per base |	0.01%
                        Deletion average length |	1.84
                        Insertion rate per base |	0.02%
                       Insertion average length |	2.26
                             MULTI-MAPPING READS:
        Number of reads mapped to multiple loci |	682007
             % of reads mapped to multiple loci |	11.04%
        Number of reads mapped to too many loci |	13339
             % of reads mapped to too many loci |	0.22%
                                  UNMAPPED READS:
  Number of reads unmapped: too many mismatches |	0
       % of reads unmapped: too many mismatches |	0.00%
            Number of reads unmapped: too short |	215393
                 % of reads unmapped: too short |	3.49%
                Number of reads unmapped: other |	16468
                     % of reads unmapped: other |	0.27%
                                  CHIMERIC READS:
                       Number of chimeric reads |	0
                            % of chimeric reads |	0.00%
