                                 Started job on |	May 09 16:50:55
                             Started mapping on |	May 09 16:51:38
                                    Finished on |	May 09 16:55:30
       Mapping speed, Million of reads per hour |	66.20

                          Number of input reads |	4266521
                      Average input read length |	258
                                    UNIQUE READS:
                   Uniquely mapped reads number |	3246038
                        Uniquely mapped reads % |	76.08%
                          Average mapped length |	255.05
                       Number of splices: Total |	1397857
            Number of splices: Annotated (sjdb) |	1377465
                       Number of splices: GT/AG |	1384253
                       Number of splices: GC/AG |	10154
                       Number of splices: AT/AC |	948
               Number of splices: Non-canonical |	2502
                      Mismatch rate per base, % |	0.49%
                         Deletion rate per base |	0.01%
                        Deletion average length |	2.34
                        Insertion rate per base |	0.09%
                       Insertion average length |	5.28
                             MULTI-MAPPING READS:
        Number of reads mapped to multiple loci |	538157
             % of reads mapped to multiple loci |	12.61%
        Number of reads mapped to too many loci |	11826
             % of reads mapped to too many loci |	0.28%
                                  UNMAPPED READS:
  Number of reads unmapped: too many mismatches |	0
       % of reads unmapped: too many mismatches |	0.00%
            Number of reads unmapped: too short |	460636
                 % of reads unmapped: too short |	10.80%
                Number of reads unmapped: other |	9864
                     % of reads unmapped: other |	0.23%
                                  CHIMERIC READS:
                       Number of chimeric reads |	0
                            % of chimeric reads |	0.00%
