                                 Started job on |	May 09 20:43:35
                             Started mapping on |	May 09 20:43:57
                                    Finished on |	May 09 20:49:11
       Mapping speed, Million of reads per hour |	43.74

                          Number of input reads |	3815497
                      Average input read length |	255
                                    UNIQUE READS:
                   Uniquely mapped reads number |	2929396
                        Uniquely mapped reads % |	76.78%
                          Average mapped length |	254.20
                       Number of splices: Total |	1513780
            Number of splices: Annotated (sjdb) |	1491904
                       Number of splices: GT/AG |	1498166
                       Number of splices: GC/AG |	11851
                       Number of splices: AT/AC |	1173
               Number of splices: Non-canonical |	2590
                      Mismatch rate per base, % |	0.20%
                         Deletion rate per base |	0.01%
                        Deletion average length |	1.74
                        Insertion rate per base |	0.01%
                       Insertion average length |	1.67
                             MULTI-MAPPING READS:
        Number of reads mapped to multiple loci |	546554
             % of reads mapped to multiple loci |	14.32%
        Number of reads mapped to too many loci |	13029
             % of reads mapped to too many loci |	0.34%
                                  UNMAPPED READS:
  Number of reads unmapped: too many mismatches |	0
       % of reads unmapped: too many mismatches |	0.00%
            Number of reads unmapped: too short |	315444
                 % of reads unmapped: too short |	8.27%
                Number of reads unmapped: other |	11074
                     % of reads unmapped: other |	0.29%
                                  CHIMERIC READS:
                       Number of chimeric reads |	0
                            % of chimeric reads |	0.00%
