                                 Started job on |	May 09 22:03:14
                             Started mapping on |	May 09 22:03:36
                                    Finished on |	May 09 22:10:06
       Mapping speed, Million of reads per hour |	71.86

                          Number of input reads |	7785326
                      Average input read length |	254
                                    UNIQUE READS:
                   Uniquely mapped reads number |	6640583
                        Uniquely mapped reads % |	85.30%
                          Average mapped length |	254.04
                       Number of splices: Total |	3162750
            Number of splices: Annotated (sjdb) |	3124475
                       Number of splices: GT/AG |	3130000
                       Number of splices: GC/AG |	25358
                       Number of splices: AT/AC |	2736
               Number of splices: Non-canonical |	4656
                      Mismatch rate per base, % |	0.22%
                         Deletion rate per base |	0.01%
                        Deletion average length |	1.89
                        Insertion rate per base |	0.01%
                       Insertion average length |	1.44
                             MULTI-MAPPING READS:
        Number of reads mapped to multiple loci |	465870
             % of reads mapped to multiple loci |	5.98%
        Number of reads mapped to too many loci |	26002
             % of reads mapped to too many loci |	0.33%
                                  UNMAPPED READS:
  Number of reads unmapped: too many mismatches |	0
       % of reads unmapped: too many mismatches |	0.00%
            Number of reads unmapped: too short |	626882
                 % of reads unmapped: too short |	8.05%
                Number of reads unmapped: other |	25989
                     % of reads unmapped: other |	0.33%
                                  CHIMERIC READS:
                       Number of chimeric reads |	0
                            % of chimeric reads |	0.00%
