                                 Started job on |	May 09 21:15:02
                             Started mapping on |	May 09 21:15:40
                                    Finished on |	May 09 21:55:05
       Mapping speed, Million of reads per hour |	17.19

                          Number of input reads |	11294168
                      Average input read length |	255
                                    UNIQUE READS:
                   Uniquely mapped reads number |	9469449
                        Uniquely mapped reads % |	83.84%
                          Average mapped length |	253.80
                       Number of splices: Total |	4688274
            Number of splices: Annotated (sjdb) |	4624365
                       Number of splices: GT/AG |	4643892
                       Number of splices: GC/AG |	33422
                       Number of splices: AT/AC |	3522
               Number of splices: Non-canonical |	7438
                      Mismatch rate per base, % |	0.20%
                         Deletion rate per base |	0.01%
                        Deletion average length |	1.65
                        Insertion rate per base |	0.01%
                       Insertion average length |	1.41
                             MULTI-MAPPING READS:
        Number of reads mapped to multiple loci |	1041367
             % of reads mapped to multiple loci |	9.22%
        Number of reads mapped to too many loci |	31799
             % of reads mapped to too many loci |	0.28%
                                  UNMAPPED READS:
  Number of reads unmapped: too many mismatches |	0
       % of reads unmapped: too many mismatches |	0.00%
            Number of reads unmapped: too short |	713595
                 % of reads unmapped: too short |	6.32%
                Number of reads unmapped: other |	37958
                     % of reads unmapped: other |	0.34%
                                  CHIMERIC READS:
                       Number of chimeric reads |	0
                            % of chimeric reads |	0.00%
