                                 Started job on |	May 09 22:15:40
                             Started mapping on |	May 09 22:16:15
                                    Finished on |	May 09 22:25:22
       Mapping speed, Million of reads per hour |	68.43

                          Number of input reads |	10397088
                      Average input read length |	256
                                    UNIQUE READS:
                   Uniquely mapped reads number |	8901925
                        Uniquely mapped reads % |	85.62%
                          Average mapped length |	254.64
                       Number of splices: Total |	3787173
            Number of splices: Annotated (sjdb) |	3729461
                       Number of splices: GT/AG |	3748604
                       Number of splices: GC/AG |	28880
                       Number of splices: AT/AC |	3067
               Number of splices: Non-canonical |	6622
                      Mismatch rate per base, % |	0.20%
                         Deletion rate per base |	0.01%
                        Deletion average length |	1.69
                        Insertion rate per base |	0.01%
                       Insertion average length |	1.37
                             MULTI-MAPPING READS:
        Number of reads mapped to multiple loci |	865605
             % of reads mapped to multiple loci |	8.33%
        Number of reads mapped to too many loci |	33764
             % of reads mapped to too many loci |	0.32%
                                  UNMAPPED READS:
  Number of reads unmapped: too many mismatches |	0
       % of reads unmapped: too many mismatches |	0.00%
            Number of reads unmapped: too short |	556571
                 % of reads unmapped: too short |	5.35%
                Number of reads unmapped: other |	39223
                     % of reads unmapped: other |	0.38%
                                  CHIMERIC READS:
                       Number of chimeric reads |	0
                            % of chimeric reads |	0.00%
