                                 Started job on |	May 09 18:05:09
                             Started mapping on |	May 09 18:05:25
                                    Finished on |	May 09 18:08:07
       Mapping speed, Million of reads per hour |	71.62

                          Number of input reads |	3223049
                      Average input read length |	267
                                    UNIQUE READS:
                   Uniquely mapped reads number |	2682606
                        Uniquely mapped reads % |	83.23%
                          Average mapped length |	265.66
                       Number of splices: Total |	1018249
            Number of splices: Annotated (sjdb) |	1002354
                       Number of splices: GT/AG |	1007736
                       Number of splices: GC/AG |	7345
                       Number of splices: AT/AC |	795
               Number of splices: Non-canonical |	2373
                      Mismatch rate per base, % |	0.34%
                         Deletion rate per base |	0.01%
                        Deletion average length |	2.04
                        Insertion rate per base |	0.03%
                       Insertion average length |	3.20
                             MULTI-MAPPING READS:
        Number of reads mapped to multiple loci |	280317
             % of reads mapped to multiple loci |	8.70%
        Number of reads mapped to too many loci |	6919
             % of reads mapped to too many loci |	0.21%
                                  UNMAPPED READS:
  Number of reads unmapped: too many mismatches |	0
       % of reads unmapped: too many mismatches |	0.00%
            Number of reads unmapped: too short |	243539
                 % of reads unmapped: too short |	7.56%
                Number of reads unmapped: other |	9668
                     % of reads unmapped: other |	0.30%
                                  CHIMERIC READS:
                       Number of chimeric reads |	0
                            % of chimeric reads |	0.00%
