                                 Started job on |	May 09 21:55:07
                             Started mapping on |	May 09 21:55:32
                                    Finished on |	May 09 22:00:21
       Mapping speed, Million of reads per hour |	73.33

                          Number of input reads |	5886825
                      Average input read length |	254
                                    UNIQUE READS:
                   Uniquely mapped reads number |	4936927
                        Uniquely mapped reads % |	83.86%
                          Average mapped length |	253.02
                       Number of splices: Total |	1939642
            Number of splices: Annotated (sjdb) |	1908406
                       Number of splices: GT/AG |	1919665
                       Number of splices: GC/AG |	15058
                       Number of splices: AT/AC |	1701
               Number of splices: Non-canonical |	3218
                      Mismatch rate per base, % |	0.20%
                         Deletion rate per base |	0.01%
                        Deletion average length |	1.66
                        Insertion rate per base |	0.01%
                       Insertion average length |	1.41
                             MULTI-MAPPING READS:
        Number of reads mapped to multiple loci |	510213
             % of reads mapped to multiple loci |	8.67%
        Number of reads mapped to too many loci |	17010
             % of reads mapped to too many loci |	0.29%
                                  UNMAPPED READS:
  Number of reads unmapped: too many mismatches |	0
       % of reads unmapped: too many mismatches |	0.00%
            Number of reads unmapped: too short |	398721
                 % of reads unmapped: too short |	6.77%
                Number of reads unmapped: other |	23954
                     % of reads unmapped: other |	0.41%
                                  CHIMERIC READS:
                       Number of chimeric reads |	0
                            % of chimeric reads |	0.00%
