                                 Started job on |	May 10 01:18:57
                             Started mapping on |	May 10 01:19:27
                                    Finished on |	May 10 01:22:47
       Mapping speed, Million of reads per hour |	66.52

                          Number of input reads |	3695628
                      Average input read length |	266
                                    UNIQUE READS:
                   Uniquely mapped reads number |	3062893
                        Uniquely mapped reads % |	82.88%
                          Average mapped length |	264.96
                       Number of splices: Total |	1591370
            Number of splices: Annotated (sjdb) |	1572551
                       Number of splices: GT/AG |	1574979
                       Number of splices: GC/AG |	12558
                       Number of splices: AT/AC |	1235
               Number of splices: Non-canonical |	2598
                      Mismatch rate per base, % |	0.23%
                         Deletion rate per base |	0.01%
                        Deletion average length |	1.97
                        Insertion rate per base |	0.01%
                       Insertion average length |	2.26
                             MULTI-MAPPING READS:
        Number of reads mapped to multiple loci |	377286
             % of reads mapped to multiple loci |	10.21%
        Number of reads mapped to too many loci |	9336
             % of reads mapped to too many loci |	0.25%
                                  UNMAPPED READS:
  Number of reads unmapped: too many mismatches |	0
       % of reads unmapped: too many mismatches |	0.00%
            Number of reads unmapped: too short |	234984
                 % of reads unmapped: too short |	6.36%
                Number of reads unmapped: other |	11129
                     % of reads unmapped: other |	0.30%
                                  CHIMERIC READS:
                       Number of chimeric reads |	0
                            % of chimeric reads |	0.00%
