                                 Started job on |	May 09 17:10:08
                             Started mapping on |	May 09 17:10:37
                                    Finished on |	May 09 17:45:19
       Mapping speed, Million of reads per hour |	13.85

                          Number of input reads |	8011161
                      Average input read length |	261
                                    UNIQUE READS:
                   Uniquely mapped reads number |	6287334
                        Uniquely mapped reads % |	78.48%
                          Average mapped length |	259.24
                       Number of splices: Total |	3365118
            Number of splices: Annotated (sjdb) |	3318405
                       Number of splices: GT/AG |	3333855
                       Number of splices: GC/AG |	22856
                       Number of splices: AT/AC |	2240
               Number of splices: Non-canonical |	6167
                      Mismatch rate per base, % |	0.23%
                         Deletion rate per base |	0.01%
                        Deletion average length |	1.75
                        Insertion rate per base |	0.01%
                       Insertion average length |	2.11
                             MULTI-MAPPING READS:
        Number of reads mapped to multiple loci |	926227
             % of reads mapped to multiple loci |	11.56%
        Number of reads mapped to too many loci |	19662
             % of reads mapped to too many loci |	0.25%
                                  UNMAPPED READS:
  Number of reads unmapped: too many mismatches |	0
       % of reads unmapped: too many mismatches |	0.00%
            Number of reads unmapped: too short |	756349
                 % of reads unmapped: too short |	9.44%
                Number of reads unmapped: other |	21589
                     % of reads unmapped: other |	0.27%
                                  CHIMERIC READS:
                       Number of chimeric reads |	0
                            % of chimeric reads |	0.00%
